  CharacterBase.cpp
  PlayerStateAttack.cpp
  PlayerStateBase.cpp
  PlayerStateHitAttack.cpp
  PlayerStateIdle.cpp
  PlayerStateRun.cpp
  PlayerStateWalk.cpp
  EnemyBase.cpp
  EnemyStateBase.cpp
  EnemyStateIdle.cpp
  EnemyStateAttack.cpp
  EnemyStateDeath.cpp
  EnemyStateHitAttack.cpp
  EnemyStateAvoid.cpp
  EnemyStateGuard.cpp
  EnemyAI.cpp
  EnemyStateMove.cpp
  PlayerStateDeath.cpp
  SceneGameover.cpp
  SceneClear.cpp
  コンパイル中...
  EventData.cpp
  Item.cpp
  ObjectBase.cpp
  PlayerStateGrab.cpp
  PlayerStateAvoid.cpp
  PlayerStateGuard.cpp
  SaveData.cpp
  SceneSave.cpp
  SceneEnhance.cpp
  SceneUseItem.cpp
  SceneMenu.cpp
  UiBar.cpp
  EffectManager.cpp
  Font.cpp
  Sound.cpp
  UiBase.cpp
  LoadCsv.cpp
  DebugDraw.cpp
  SceneDebug.cpp
  main.cpp
  コンパイル中...
  Player.cpp
C:\Users\fko2347058\Desktop\ueda\GitHub\UedaGaYuku_Re\UedaGaYukuRE\Chara\Player\Player.cpp(421,32): warning C4267: '初期化中': 'size_t' から 'int' に変換しました。データが失われているかもしれません。
  SceneSelect.cpp
  SceneOption.cpp
  SceneTitle.cpp
  SceneMain.cpp
  Stage.cpp
  Camera.cpp
  SceneBase.cpp
  SceneManager.cpp
  Input.cpp
  Weapon.cpp
C:\Users\fko2347058\Desktop\ueda\GitHub\UedaGaYuku_Re\UedaGaYukuRE\Object\Weapon.cpp(216,83): warning C4267: '引数': 'size_t' から 'int' に変換しました。データが失われているかもしれません。
C:\Users\fko2347058\Desktop\ueda\GitHub\UedaGaYuku_Re\UedaGaYukuRE\Object\Weapon.cpp(222,82): warning C4267: '引数': 'size_t' から 'int' に変換しました。データが失われているかもしれません。
  コード生成しています。
  Previous IPDB not found, fall back to full compilation.
  All 4948 functions were compiled because no usable IPDB/IOBJ from previous compilation was found.
  コード生成が終了しました。
EffekseerForDXLib_vs2019_x64.lib(EffekseerForDXLib.obj) : warning LNK4099: PDB '' が 'EffekseerForDXLib_vs2019_x64.lib(EffekseerForDXLib.obj)' で、または '' に見つかりません。デバッグ情報がないものとして、オブジェクトにリンクします。
  Uedaが往くRE.vcxproj -> C:\Users\fko2347058\Desktop\ueda\GitHub\UedaGaYuku_Re\UedaGaYukuRE\x64\Release\UedaGaYukuRE.exe
