  CharacterBase.cpp
  EnemyAI.cpp
  EnemyBase.cpp
  EnemyStateAttack.cpp
  EnemyStateAvoid.cpp
  EnemyStateBase.cpp
  EnemyStateDeath.cpp
  EnemyStateGuard.cpp
  EnemyStateHitAttack.cpp
  EnemyStateIdle.cpp
  EnemyStateMove.cpp
  Npc.cpp
  Player.cpp
C:\GitHub\UedaGaYuku_RE\UedaGaYukuRE\Chara\Player\Player.cpp(454,12): warning C4267: '初期化中': 'size_t' から 'int' に変換しました。データが失われているかもしれません。
  PlayerStateAttack.cpp
  PlayerStateIdle.cpp
  SceneDebug.cpp
  Item.cpp
  Weapon.cpp
C:\GitHub\UedaGaYuku_RE\UedaGaYukuRE\Object\Weapon.cpp(222,46): warning C4267: '引数': 'size_t' から 'int' に変換しました。データが失われているかもしれません。
C:\GitHub\UedaGaYuku_RE\UedaGaYukuRE\Object\Weapon.cpp(228,46): warning C4267: '引数': 'size_t' から 'int' に変換しました。データが失われているかもしれません。
  SceneBase.cpp
  SceneEnhance.cpp
  コードを生成中...
  コンパイル中...
  SceneMain.cpp
  SceneOption.cpp
  SceneSelect.cpp
  UiBar.cpp
  UiBase.cpp
  EffectManager.cpp
  LoadCsv.cpp
  main.cpp
  コードを生成中...
  Uedaが往くRE.vcxproj -> C:\GitHub\UedaGaYuku_RE\UedaGaYukuRE\x64\Debug\UedaGaYukuRE.exe
