c:\users\fko2347058\desktop\ueda\github\uedagayuku_re\uedagayukure\uedagayukure\x64\release\vc143.pdb
c:\users\fko2347058\desktop\ueda\github\uedagayuku_re\uedagayukure\uedagayukure\x64\release\playerselect.obj
c:\users\fko2347058\desktop\ueda\github\uedagayuku_re\uedagayukure\uedagayukure\x64\release\npc.obj
c:\users\fko2347058\desktop\ueda\github\uedagayuku_re\uedagayukure\uedagayukure\x64\release\playerstatedeath.obj
c:\users\fko2347058\desktop\ueda\github\uedagayuku_re\uedagayukure\uedagayukure\x64\release\enemystatemove.obj
c:\users\fko2347058\desktop\ueda\github\uedagayuku_re\uedagayukure\uedagayukure\x64\release\enemyai.obj
c:\users\fko2347058\desktop\ueda\github\uedagayuku_re\uedagayukure\uedagayukure\x64\release\enemystateguard.obj
c:\users\fko2347058\desktop\ueda\github\uedagayuku_re\uedagayukure\uedagayukure\x64\release\enemystateavoid.obj
c:\users\fko2347058\desktop\ueda\github\uedagayuku_re\uedagayukure\uedagayukure\x64\release\enemystatehitattack.obj
c:\users\fko2347058\desktop\ueda\github\uedagayuku_re\uedagayukure\uedagayukure\x64\release\enemystatedeath.obj
c:\users\fko2347058\desktop\ueda\github\uedagayuku_re\uedagayukure\uedagayukure\x64\release\enemystateattack.obj
c:\users\fko2347058\desktop\ueda\github\uedagayuku_re\uedagayukure\uedagayukure\x64\release\enemystateidle.obj
c:\users\fko2347058\desktop\ueda\github\uedagayuku_re\uedagayukure\uedagayukure\x64\release\enemystatebase.obj
c:\users\fko2347058\desktop\ueda\github\uedagayuku_re\uedagayukure\uedagayukure\x64\release\enemybase.obj
c:\users\fko2347058\desktop\ueda\github\uedagayuku_re\uedagayukure\uedagayukure\x64\release\playerstatewalk.obj
c:\users\fko2347058\desktop\ueda\github\uedagayuku_re\uedagayukure\uedagayukure\x64\release\playerstaterun.obj
c:\users\fko2347058\desktop\ueda\github\uedagayuku_re\uedagayukure\uedagayukure\x64\release\playerstateidle.obj
c:\users\fko2347058\desktop\ueda\github\uedagayuku_re\uedagayukure\uedagayukure\x64\release\playerstatehitattack.obj
c:\users\fko2347058\desktop\ueda\github\uedagayuku_re\uedagayukure\uedagayukure\x64\release\playerstatebase.obj
c:\users\fko2347058\desktop\ueda\github\uedagayuku_re\uedagayukure\uedagayukure\x64\release\playerstateattack.obj
c:\users\fko2347058\desktop\ueda\github\uedagayuku_re\uedagayukure\uedagayukure\x64\release\characterbase.obj
c:\users\fko2347058\desktop\ueda\github\uedagayuku_re\uedagayukure\uedagayukure\x64\release\sound.obj
c:\users\fko2347058\desktop\ueda\github\uedagayuku_re\uedagayukure\uedagayukure\x64\release\font.obj
c:\users\fko2347058\desktop\ueda\github\uedagayuku_re\uedagayukure\uedagayukure\x64\release\effectmanager.obj
c:\users\fko2347058\desktop\ueda\github\uedagayuku_re\uedagayukure\uedagayukure\x64\release\uibar.obj
c:\users\fko2347058\desktop\ueda\github\uedagayuku_re\uedagayukure\uedagayukure\x64\release\scenemenu.obj
c:\users\fko2347058\desktop\ueda\github\uedagayuku_re\uedagayukure\uedagayukure\x64\release\sceneuseitem.obj
c:\users\fko2347058\desktop\ueda\github\uedagayuku_re\uedagayukure\uedagayukure\x64\release\sceneenhance.obj
c:\users\fko2347058\desktop\ueda\github\uedagayuku_re\uedagayukure\uedagayukure\x64\release\scenesave.obj
c:\users\fko2347058\desktop\ueda\github\uedagayuku_re\uedagayukure\uedagayukure\x64\release\savedata.obj
c:\users\fko2347058\desktop\ueda\github\uedagayuku_re\uedagayukure\uedagayukure\x64\release\playerstateguard.obj
c:\users\fko2347058\desktop\ueda\github\uedagayuku_re\uedagayukure\uedagayukure\x64\release\playerstateavoid.obj
c:\users\fko2347058\desktop\ueda\github\uedagayuku_re\uedagayukure\uedagayukure\x64\release\playerstategrab.obj
c:\users\fko2347058\desktop\ueda\github\uedagayuku_re\uedagayukure\uedagayukure\x64\release\objectbase.obj
c:\users\fko2347058\desktop\ueda\github\uedagayuku_re\uedagayukure\uedagayukure\x64\release\item.obj
c:\users\fko2347058\desktop\ueda\github\uedagayuku_re\uedagayukure\uedagayukure\x64\release\eventdata.obj
c:\users\fko2347058\desktop\ueda\github\uedagayuku_re\uedagayukure\uedagayukure\x64\release\conversiontime.obj
c:\users\fko2347058\desktop\ueda\github\uedagayuku_re\uedagayukure\uedagayukure\x64\release\uimain.obj
c:\users\fko2347058\desktop\ueda\github\uedagayuku_re\uedagayukure\uedagayukure\x64\release\uiconversation.obj
c:\users\fko2347058\desktop\ueda\github\uedagayuku_re\uedagayukure\uedagayukure\x64\release\sceneclear.obj
c:\users\fko2347058\desktop\ueda\github\uedagayuku_re\uedagayukure\uedagayukure\x64\release\scenegameover.obj
c:\users\fko2347058\desktop\ueda\github\uedagayuku_re\uedagayukure\uedagayukure\x64\release\weapon.obj
c:\users\fko2347058\desktop\ueda\github\uedagayuku_re\uedagayukure\uedagayukure\x64\release\input.obj
c:\users\fko2347058\desktop\ueda\github\uedagayuku_re\uedagayukure\uedagayukure\x64\release\scenemanager.obj
c:\users\fko2347058\desktop\ueda\github\uedagayuku_re\uedagayukure\uedagayukure\x64\release\scenebase.obj
c:\users\fko2347058\desktop\ueda\github\uedagayuku_re\uedagayukure\uedagayukure\x64\release\camera.obj
c:\users\fko2347058\desktop\ueda\github\uedagayuku_re\uedagayukure\uedagayukure\x64\release\stage.obj
c:\users\fko2347058\desktop\ueda\github\uedagayuku_re\uedagayukure\uedagayukure\x64\release\scenemain.obj
c:\users\fko2347058\desktop\ueda\github\uedagayuku_re\uedagayukure\uedagayukure\x64\release\scenetitle.obj
c:\users\fko2347058\desktop\ueda\github\uedagayuku_re\uedagayukure\uedagayukure\x64\release\sceneoption.obj
c:\users\fko2347058\desktop\ueda\github\uedagayuku_re\uedagayukure\uedagayukure\x64\release\sceneselect.obj
c:\users\fko2347058\desktop\ueda\github\uedagayuku_re\uedagayukure\uedagayukure\x64\release\player.obj
c:\users\fko2347058\desktop\ueda\github\uedagayuku_re\uedagayukure\uedagayukure\x64\release\main.obj
c:\users\fko2347058\desktop\ueda\github\uedagayuku_re\uedagayukure\uedagayukure\x64\release\scenedebug.obj
c:\users\fko2347058\desktop\ueda\github\uedagayuku_re\uedagayukure\uedagayukure\x64\release\debugdraw.obj
c:\users\fko2347058\desktop\ueda\github\uedagayuku_re\uedagayukure\uedagayukure\x64\release\loadcsv.obj
c:\users\fko2347058\desktop\ueda\github\uedagayuku_re\uedagayukure\uedagayukure\x64\release\uibase.obj
c:\users\fko2347058\desktop\ueda\github\uedagayuku_re\uedagayukure\x64\release\uedagayukure.exe
c:\users\fko2347058\desktop\ueda\github\uedagayuku_re\uedagayukure\x64\release\uedagayukure.pdb
c:\users\fko2347058\desktop\ueda\github\uedagayuku_re\uedagayukure\uedagayukure\x64\release\uedagayukure.ipdb
c:\users\fko2347058\desktop\ueda\github\uedagayuku_re\uedagayukure\uedagayukure\x64\release\uedagayukure.iobj
c:\users\fko2347058\desktop\ueda\github\uedagayuku_re\uedagayukure\uedagayukure\x64\release\uedagayukure.tlog\cl.command.1.tlog
c:\users\fko2347058\desktop\ueda\github\uedagayuku_re\uedagayukure\uedagayukure\x64\release\uedagayukure.tlog\cl.items.tlog
c:\users\fko2347058\desktop\ueda\github\uedagayuku_re\uedagayukure\uedagayukure\x64\release\uedagayukure.tlog\cl.read.1.tlog
c:\users\fko2347058\desktop\ueda\github\uedagayuku_re\uedagayukure\uedagayukure\x64\release\uedagayukure.tlog\cl.write.1.tlog
c:\users\fko2347058\desktop\ueda\github\uedagayuku_re\uedagayukure\uedagayukure\x64\release\uedagayukure.tlog\link.command.1.tlog
c:\users\fko2347058\desktop\ueda\github\uedagayuku_re\uedagayukure\uedagayukure\x64\release\uedagayukure.tlog\link.read.1.tlog
c:\users\fko2347058\desktop\ueda\github\uedagayuku_re\uedagayukure\uedagayukure\x64\release\uedagayukure.tlog\link.secondary.1.tlog
c:\users\fko2347058\desktop\ueda\github\uedagayuku_re\uedagayukure\uedagayukure\x64\release\uedagayukure.tlog\link.write.1.tlog
