c:\users\fko2347058\desktop\ueda\github\uedagayuku_re\uedaが往くre\x64\debug\vc143.pdb
c:\users\fko2347058\desktop\ueda\github\uedagayuku_re\uedaが往くre\x64\debug\vc143.idb
c:\users\fko2347058\desktop\ueda\github\uedagayuku_re\uedaが往くre\x64\debug\loadcsv.obj
c:\users\fko2347058\desktop\ueda\github\uedagayuku_re\uedaが往くre\x64\debug\uibase.obj
c:\users\fko2347058\desktop\ueda\github\uedagayuku_re\uedaが往くre\x64\debug\sceneload.obj
c:\users\fko2347058\desktop\ueda\github\uedagayuku_re\uedaが往くre\x64\debug\playerstategrab.obj
c:\users\fko2347058\desktop\ueda\github\uedagayuku_re\uedaが往くre\x64\debug\objectbase.obj
c:\users\fko2347058\desktop\ueda\github\uedagayuku_re\uedaが往くre\x64\debug\enemystatehitattack.obj
c:\users\fko2347058\desktop\ueda\github\uedagayuku_re\uedaが往くre\x64\debug\enemystatedeath.obj
c:\users\fko2347058\desktop\ueda\github\uedagayuku_re\uedaが往くre\x64\debug\enemystateattack.obj
c:\users\fko2347058\desktop\ueda\github\uedagayuku_re\uedaが往くre\x64\debug\enemystatewalk.obj
c:\users\fko2347058\desktop\ueda\github\uedagayuku_re\uedaが往くre\x64\debug\enemystaterun.obj
c:\users\fko2347058\desktop\ueda\github\uedagayuku_re\uedaが往くre\x64\debug\enemystateidle.obj
c:\users\fko2347058\desktop\ueda\github\uedagayuku_re\uedaが往くre\x64\debug\enemystatebase.obj
c:\users\fko2347058\desktop\ueda\github\uedagayuku_re\uedaが往くre\x64\debug\enemybase.obj
c:\users\fko2347058\desktop\ueda\github\uedagayuku_re\uedaが往くre\x64\debug\playerstatewalk.obj
c:\users\fko2347058\desktop\ueda\github\uedagayuku_re\uedaが往くre\x64\debug\playerstaterun.obj
c:\users\fko2347058\desktop\ueda\github\uedagayuku_re\uedaが往くre\x64\debug\playerstateidle.obj
c:\users\fko2347058\desktop\ueda\github\uedagayuku_re\uedaが往くre\x64\debug\playerstatehitattack.obj
c:\users\fko2347058\desktop\ueda\github\uedagayuku_re\uedaが往くre\x64\debug\playerstatebase.obj
c:\users\fko2347058\desktop\ueda\github\uedagayuku_re\uedaが往くre\x64\debug\playerstateattack.obj
c:\users\fko2347058\desktop\ueda\github\uedagayuku_re\uedaが往くre\x64\debug\characterbase.obj
c:\users\fko2347058\desktop\ueda\github\uedagayuku_re\uedaが往くre\x64\debug\weapon.obj
c:\users\fko2347058\desktop\ueda\github\uedagayuku_re\uedaが往くre\x64\debug\input.obj
c:\users\fko2347058\desktop\ueda\github\uedagayuku_re\uedaが往くre\x64\debug\scenemanager.obj
c:\users\fko2347058\desktop\ueda\github\uedagayuku_re\uedaが往くre\x64\debug\scenebase.obj
c:\users\fko2347058\desktop\ueda\github\uedagayuku_re\uedaが往くre\x64\debug\camera.obj
c:\users\fko2347058\desktop\ueda\github\uedagayuku_re\uedaが往くre\x64\debug\stage.obj
c:\users\fko2347058\desktop\ueda\github\uedagayuku_re\uedaが往くre\x64\debug\scenemain.obj
c:\users\fko2347058\desktop\ueda\github\uedagayuku_re\uedaが往くre\x64\debug\scenetitle.obj
c:\users\fko2347058\desktop\ueda\github\uedagayuku_re\uedaが往くre\x64\debug\sceneoption.obj
c:\users\fko2347058\desktop\ueda\github\uedagayuku_re\uedaが往くre\x64\debug\sceneselect.obj
c:\users\fko2347058\desktop\ueda\github\uedagayuku_re\uedaが往くre\x64\debug\player.obj
c:\users\fko2347058\desktop\ueda\github\uedagayuku_re\uedaが往くre\x64\debug\main.obj
c:\users\fko2347058\desktop\ueda\github\uedagayuku_re\uedaが往くre\x64\debug\scenedebug.obj
c:\users\fko2347058\desktop\ueda\github\uedagayuku_re\uedaが往くre\x64\debug\debugdraw.obj
c:\users\fko2347058\desktop\ueda\github\uedagayuku_re\uedaが往くre\x64\debug\uedaが往くre.exe
c:\users\fko2347058\desktop\ueda\github\uedagayuku_re\uedaが往くre\x64\debug\uedaが往くre.ilk
c:\users\fko2347058\desktop\ueda\github\uedagayuku_re\uedaが往くre\x64\debug\uedaが往くre.pdb
c:\users\fko2347058\desktop\ueda\github\uedagayuku_re\uedaが往くre\x64\debug\uedaが往くre.tlog\cl.command.1.tlog
c:\users\fko2347058\desktop\ueda\github\uedagayuku_re\uedaが往くre\x64\debug\uedaが往くre.tlog\cl.read.1.tlog
c:\users\fko2347058\desktop\ueda\github\uedagayuku_re\uedaが往くre\x64\debug\uedaが往くre.tlog\cl.write.1.tlog
c:\users\fko2347058\desktop\ueda\github\uedagayuku_re\uedaが往くre\x64\debug\uedaが往くre.tlog\link.command.1.tlog
c:\users\fko2347058\desktop\ueda\github\uedagayuku_re\uedaが往くre\x64\debug\uedaが往くre.tlog\link.read.1.tlog
c:\users\fko2347058\desktop\ueda\github\uedagayuku_re\uedaが往くre\x64\debug\uedaが往くre.tlog\link.write.1.tlog
