c:\users\fko2347058\desktop\ueda\github\uedagayuku_re\uedaが往くre\x64\debug\vc143.pdb
c:\users\fko2347058\desktop\ueda\github\uedagayuku_re\uedaが往くre\x64\debug\vc143.idb
c:\users\fko2347058\desktop\ueda\github\uedagayuku_re\uedaが往くre\x64\debug\playerstategrab.obj
c:\users\fko2347058\desktop\ueda\github\uedagayuku_re\uedaが往くre\x64\debug\objectbase.obj
c:\users\fko2347058\desktop\ueda\github\uedagayuku_re\uedaが往くre\x64\debug\item.obj
c:\users\fko2347058\desktop\ueda\github\uedagayuku_re\uedaが往くre\x64\debug\enemystateguard.obj
c:\users\fko2347058\desktop\ueda\github\uedagayuku_re\uedaが往くre\x64\debug\enemystateavoid.obj
c:\users\fko2347058\desktop\ueda\github\uedagayuku_re\uedaが往くre\x64\debug\enemystatehitattack.obj
c:\users\fko2347058\desktop\ueda\github\uedagayuku_re\uedaが往くre\x64\debug\enemystatedeath.obj
c:\users\fko2347058\desktop\ueda\github\uedagayuku_re\uedaが往くre\x64\debug\enemystateattack.obj
c:\users\fko2347058\desktop\ueda\github\uedagayuku_re\uedaが往くre\x64\debug\enemystatewalk.obj
c:\users\fko2347058\desktop\ueda\github\uedagayuku_re\uedaが往くre\x64\debug\enemystaterun.obj
c:\users\fko2347058\desktop\ueda\github\uedagayuku_re\uedaが往くre\x64\debug\enemystateidle.obj
c:\users\fko2347058\desktop\ueda\github\uedagayuku_re\uedaが往くre\x64\debug\enemystatebase.obj
c:\users\fko2347058\desktop\ueda\github\uedagayuku_re\uedaが往くre\x64\debug\enemybase.obj
c:\users\fko2347058\desktop\ueda\github\uedagayuku_re\uedaが往くre\x64\debug\playerstatewalk.obj
c:\users\fko2347058\desktop\ueda\github\uedagayuku_re\uedaが往くre\x64\debug\playerstaterun.obj
c:\users\fko2347058\desktop\ueda\github\uedagayuku_re\uedaが往くre\x64\debug\playerstateidle.obj
c:\users\fko2347058\desktop\ueda\github\uedagayuku_re\uedaが往くre\x64\debug\playerstatehitattack.obj
c:\users\fko2347058\desktop\ueda\github\uedagayuku_re\uedaが往くre\x64\debug\playerstatebase.obj
c:\users\fko2347058\desktop\ueda\github\uedagayuku_re\uedaが往くre\x64\debug\playerstateattack.obj
c:\users\fko2347058\desktop\ueda\github\uedagayuku_re\uedaが往くre\x64\debug\characterbase.obj
c:\users\fko2347058\desktop\ueda\github\uedagayuku_re\uedaが往くre\x64\debug\sceneoption.obj
c:\users\fko2347058\desktop\ueda\github\uedagayuku_re\uedaが往くre\x64\debug\sceneselect.obj
c:\users\fko2347058\desktop\ueda\github\uedagayuku_re\uedaが往くre\x64\debug\player.obj
c:\users\fko2347058\desktop\ueda\github\uedagayuku_re\uedaが往くre\x64\debug\main.obj
c:\users\fko2347058\desktop\ueda\github\uedagayuku_re\uedaが往くre\x64\debug\scenedebug.obj
c:\users\fko2347058\desktop\ueda\github\uedagayuku_re\uedaが往くre\x64\debug\debugdraw.obj
c:\users\fko2347058\desktop\ueda\github\uedagayuku_re\uedaが往くre\x64\debug\loadcsv.obj
c:\users\fko2347058\desktop\ueda\github\uedagayuku_re\uedaが往くre\x64\debug\uibase.obj
c:\users\fko2347058\desktop\ueda\github\uedagayuku_re\uedaが往くre\x64\debug\sound.obj
c:\users\fko2347058\desktop\ueda\github\uedagayuku_re\uedaが往くre\x64\debug\font.obj
c:\users\fko2347058\desktop\ueda\github\uedagayuku_re\uedaが往くre\x64\debug\effectmanager.obj
c:\users\fko2347058\desktop\ueda\github\uedagayuku_re\uedaが往くre\x64\debug\uibar.obj
c:\users\fko2347058\desktop\ueda\github\uedagayuku_re\uedaが往くre\x64\debug\sceneload.obj
c:\users\fko2347058\desktop\ueda\github\uedagayuku_re\uedaが往くre\x64\debug\scenemenu.obj
c:\users\fko2347058\desktop\ueda\github\uedagayuku_re\uedaが往くre\x64\debug\sceneuseitem.obj
c:\users\fko2347058\desktop\ueda\github\uedagayuku_re\uedaが往くre\x64\debug\sceneenhance.obj
c:\users\fko2347058\desktop\ueda\github\uedagayuku_re\uedaが往くre\x64\debug\scenesave.obj
c:\users\fko2347058\desktop\ueda\github\uedagayuku_re\uedaが往くre\x64\debug\savedata.obj
c:\users\fko2347058\desktop\ueda\github\uedagayuku_re\uedaが往くre\x64\debug\playerstateguard.obj
c:\users\fko2347058\desktop\ueda\github\uedagayuku_re\uedaが往くre\x64\debug\playerstateavoid.obj
c:\users\fko2347058\desktop\ueda\github\uedagayuku_re\uedaが往くre\x64\debug\weapon.obj
c:\users\fko2347058\desktop\ueda\github\uedagayuku_re\uedaが往くre\x64\debug\input.obj
c:\users\fko2347058\desktop\ueda\github\uedagayuku_re\uedaが往くre\x64\debug\scenemanager.obj
c:\users\fko2347058\desktop\ueda\github\uedagayuku_re\uedaが往くre\x64\debug\scenebase.obj
c:\users\fko2347058\desktop\ueda\github\uedagayuku_re\uedaが往くre\x64\debug\camera.obj
c:\users\fko2347058\desktop\ueda\github\uedagayuku_re\uedaが往くre\x64\debug\stage.obj
c:\users\fko2347058\desktop\ueda\github\uedagayuku_re\uedaが往くre\x64\debug\scenemain.obj
c:\users\fko2347058\desktop\ueda\github\uedagayuku_re\uedaが往くre\x64\debug\scenetitle.obj
c:\github\uedagayuku_re\uedaが往くre\x64\debug\vc143.pdb
c:\github\uedagayuku_re\uedaが往くre\x64\debug\vc143.idb
c:\github\uedagayuku_re\uedaが往くre\x64\debug\playerstategrab.obj
c:\github\uedagayuku_re\uedaが往くre\x64\debug\objectbase.obj
c:\github\uedagayuku_re\uedaが往くre\x64\debug\item.obj
c:\github\uedagayuku_re\uedaが往くre\x64\debug\enemystateguard.obj
c:\github\uedagayuku_re\uedaが往くre\x64\debug\enemystateavoid.obj
c:\github\uedagayuku_re\uedaが往くre\x64\debug\enemystatehitattack.obj
c:\github\uedagayuku_re\uedaが往くre\x64\debug\enemystatedeath.obj
c:\github\uedagayuku_re\uedaが往くre\x64\debug\enemystateattack.obj
c:\github\uedagayuku_re\uedaが往くre\x64\debug\enemystatewalk.obj
c:\github\uedagayuku_re\uedaが往くre\x64\debug\enemystaterun.obj
c:\github\uedagayuku_re\uedaが往くre\x64\debug\enemystateidle.obj
c:\github\uedagayuku_re\uedaが往くre\x64\debug\enemystatebase.obj
c:\github\uedagayuku_re\uedaが往くre\x64\debug\enemybase.obj
c:\github\uedagayuku_re\uedaが往くre\x64\debug\playerstatewalk.obj
c:\github\uedagayuku_re\uedaが往くre\x64\debug\playerstaterun.obj
c:\github\uedagayuku_re\uedaが往くre\x64\debug\playerstateidle.obj
c:\github\uedagayuku_re\uedaが往くre\x64\debug\playerstatehitattack.obj
c:\github\uedagayuku_re\uedaが往くre\x64\debug\playerstatebase.obj
c:\github\uedagayuku_re\uedaが往くre\x64\debug\playerstateattack.obj
c:\github\uedagayuku_re\uedaが往くre\x64\debug\characterbase.obj
c:\github\uedagayuku_re\uedaが往くre\x64\debug\sceneoption.obj
c:\github\uedagayuku_re\uedaが往くre\x64\debug\sceneselect.obj
c:\github\uedagayuku_re\uedaが往くre\x64\debug\player.obj
c:\github\uedagayuku_re\uedaが往くre\x64\debug\main.obj
c:\github\uedagayuku_re\uedaが往くre\x64\debug\scenedebug.obj
c:\github\uedagayuku_re\uedaが往くre\x64\debug\debugdraw.obj
c:\github\uedagayuku_re\uedaが往くre\x64\debug\loadcsv.obj
c:\github\uedagayuku_re\uedaが往くre\x64\debug\uibase.obj
c:\github\uedagayuku_re\uedaが往くre\x64\debug\sound.obj
c:\github\uedagayuku_re\uedaが往くre\x64\debug\font.obj
c:\github\uedagayuku_re\uedaが往くre\x64\debug\effectmanager.obj
c:\github\uedagayuku_re\uedaが往くre\x64\debug\uibar.obj
c:\github\uedagayuku_re\uedaが往くre\x64\debug\sceneload.obj
c:\github\uedagayuku_re\uedaが往くre\x64\debug\scenemenu.obj
c:\github\uedagayuku_re\uedaが往くre\x64\debug\sceneuseitem.obj
c:\github\uedagayuku_re\uedaが往くre\x64\debug\sceneenhance.obj
c:\github\uedagayuku_re\uedaが往くre\x64\debug\scenesave.obj
c:\github\uedagayuku_re\uedaが往くre\x64\debug\savedata.obj
c:\github\uedagayuku_re\uedaが往くre\x64\debug\playerstateguard.obj
c:\github\uedagayuku_re\uedaが往くre\x64\debug\playerstateavoid.obj
c:\github\uedagayuku_re\uedaが往くre\x64\debug\weapon.obj
c:\github\uedagayuku_re\uedaが往くre\x64\debug\input.obj
c:\github\uedagayuku_re\uedaが往くre\x64\debug\scenemanager.obj
c:\github\uedagayuku_re\uedaが往くre\x64\debug\scenebase.obj
c:\github\uedagayuku_re\uedaが往くre\x64\debug\camera.obj
c:\github\uedagayuku_re\uedaが往くre\x64\debug\stage.obj
c:\github\uedagayuku_re\uedaが往くre\x64\debug\scenemain.obj
c:\github\uedagayuku_re\uedaが往くre\x64\debug\scenetitle.obj
c:\users\fko2347058\desktop\ueda\github\uedagayuku_re\uedaが往くre\x64\debug\uedagayukure.ilk
c:\users\fko2347058\desktop\ueda\github\uedagayuku_re\uedaが往くre\x64\debug\uedagayukure.exe
c:\users\fko2347058\desktop\ueda\github\uedagayuku_re\uedaが往くre\x64\debug\uedagayukure.pdb
c:\github\uedagayuku_re\uedaが往くre\x64\debug\uedagayukure.ilk
c:\github\uedagayuku_re\uedaが往くre\x64\debug\uedagayukure.exe
c:\github\uedagayuku_re\uedaが往くre\x64\debug\uedagayukure.pdb
c:\github\uedagayuku_re\uedaが往くre\x64\debug\uedaが往くre.ilk
c:\github\uedagayuku_re\uedaが往くre\x64\debug\uedaが往くre.pdb
c:\github\uedagayuku_re\uedaが往くre\x64\debug\uedagayukure.tlog\cl.command.1.tlog
c:\github\uedagayuku_re\uedaが往くre\x64\debug\uedagayukure.tlog\cl.items.tlog
c:\github\uedagayuku_re\uedaが往くre\x64\debug\uedagayukure.tlog\cl.read.1.tlog
c:\github\uedagayuku_re\uedaが往くre\x64\debug\uedagayukure.tlog\cl.write.1.tlog
c:\github\uedagayuku_re\uedaが往くre\x64\debug\uedagayukure.tlog\link.command.1.tlog
c:\github\uedagayuku_re\uedaが往くre\x64\debug\uedagayukure.tlog\link.read.1.tlog
c:\github\uedagayuku_re\uedaが往くre\x64\debug\uedagayukure.tlog\link.write.1.tlog
